# JRE version: OpenJDK Runtime Environment (21.0.9) (build 21.0.9+-14787801-b1163.94)
# Java VM: OpenJDK 64-Bit Server VM (21.0.9+-14787801-b1163.94, mixed mode, tiered, compressed oops, compressed class ptrs, g1 gc, windows-amd64)
GC Precious Log:
 CardTable entry size: 512
 Card Set container configuration: InlinePtr #cards 5 size 8 Array Of Cards #cards 12 size 40 Howl #buckets 4 coarsen threshold 1843 Howl Bitmap #cards 512 size 80 coarsen threshold 460 Card regions per heap region 1 cards per card region 2048
 CPUs: 2 total, 2 available
 Memory: 20321M
 Large Page Support: Disabled
 NUMA Support: Disabled
 Compressed Oops: Enabled (32-bit)
 Heap Region Size: 1M
 Heap Min Capacity: 8M
 Heap Initial Capacity: 318M
 Heap Max Capacity: 2G
 Pre-touch: Disabled
 Parallel Workers: 2
 Concurrent Workers: 1
 Concurrent Refinement Workers: 2
 Periodic GC: Disabled
Heap:
 garbage-first heap   total 560128K, used 354304K [0x0000000080000000, 0x0000000100000000)
  region size 1024K, 192 young (196608K), 16 survivors (16384K)
 Metaspace       used 179323K, committed 181248K, reserved 1245184K
  class space    used 23433K, committed 24512K, reserved 1048576K
GC Heap History (20 events):
Event: 10288.657 GC heap before
{Heap before GC invocations=314 (full 0):
 garbage-first heap   total 593920K, used 544542K [0x0000000080000000, 0x0000000100000000)
  region size 1024K, 334 young (342016K), 25 survivors (25600K)
 Metaspace       used 181197K, committed 182976K, reserved 1245184K
  class space    used 23641K, committed 24512K, reserved 1048576K
}
Event: 10288.763 GC heap after
{Heap after GC invocations=315 (full 0):
 garbage-first heap   total 593920K, used 207360K [0x0000000080000000, 0x0000000100000000)
  region size 1024K, 36 young (36864K), 36 survivors (36864K)
 Metaspace       used 181197K, committed 182976K, reserved 1245184K
  class space    used 23641K, committed 24512K, reserved 1048576K
}
Event: 10363.902 GC heap before
{Heap before GC invocations=315 (full 0):
 garbage-first heap   total 593920K, used 573952K [0x0000000080000000, 0x0000000100000000)
  region size 1024K, 330 young (337920K), 36 survivors (36864K)
 Metaspace       used 181547K, committed 183296K, reserved 1245184K
  class space    used 23654K, committed 24512K, reserved 1048576K
}
Event: 10363.940 GC heap after
{Heap after GC invocations=316 (full 0):
 garbage-first heap   total 600064K, used 190464K [0x0000000080000000, 0x0000000100000000)
  region size 1024K, 9 young (9216K), 9 survivors (9216K)
 Metaspace       used 181547K, committed 183296K, reserved 1245184K
  class space    used 23654K, committed 24512K, reserved 1048576K
}
Event: 10713.879 GC heap before
{Heap before GC invocations=316 (full 0):
 garbage-first heap   total 600064K, used 523264K [0x0000000080000000, 0x0000000100000000)
  region size 1024K, 334 young (342016K), 9 survivors (9216K)
 Metaspace       used 181548K, committed 183296K, reserved 1245184K
  class space    used 23654K, committed 24512K, reserved 1048576K
}
Event: 10713.900 GC heap after
{Heap after GC invocations=317 (full 0):
 garbage-first heap   total 600064K, used 179200K [0x0000000080000000, 0x0000000100000000)
  region size 1024K, 6 young (6144K), 6 survivors (6144K)
 Metaspace       used 181548K, committed 183296K, reserved 1245184K
  class space    used 23654K, committed 24512K, reserved 1048576K
}
Event: 11073.906 GC heap before
{Heap before GC invocations=317 (full 0):
 garbage-first heap   total 600064K, used 532480K [0x0000000080000000, 0x0000000100000000)
  region size 1024K, 351 young (359424K), 6 survivors (6144K)
 Metaspace       used 181549K, committed 183296K, reserved 1245184K
  class space    used 23654K, committed 24512K, reserved 1048576K
}
Event: 11073.932 GC heap after
{Heap after GC invocations=318 (full 0):
 garbage-first heap   total 600064K, used 179200K [0x0000000080000000, 0x0000000100000000)
  region size 1024K, 6 young (6144K), 6 survivors (6144K)
 Metaspace       used 181549K, committed 183296K, reserved 1245184K
  class space    used 23654K, committed 24512K, reserved 1048576K
}
Event: 11423.913 GC heap before
{Heap before GC invocations=319 (full 0):
 garbage-first heap   total 580608K, used 516096K [0x0000000080000000, 0x0000000100000000)
  region size 1024K, 340 young (348160K), 6 survivors (6144K)
 Metaspace       used 181481K, committed 183296K, reserved 1245184K
  class space    used 23638K, committed 24512K, reserved 1048576K
}
Event: 11423.928 GC heap after
{Heap after GC invocations=320 (full 0):
 garbage-first heap   total 580608K, used 174592K [0x0000000080000000, 0x0000000100000000)
  region size 1024K, 7 young (7168K), 7 survivors (7168K)
 Metaspace       used 181481K, committed 183296K, reserved 1245184K
  class space    used 23638K, committed 24512K, reserved 1048576K
}
Event: 11783.877 GC heap before
{Heap before GC invocations=320 (full 0):
 garbage-first heap   total 580608K, used 515584K [0x0000000080000000, 0x0000000100000000)
  region size 1024K, 340 young (348160K), 7 survivors (7168K)
 Metaspace       used 181481K, committed 183296K, reserved 1245184K
  class space    used 23638K, committed 24512K, reserved 1048576K
}
Event: 11783.896 GC heap after
{Heap after GC invocations=321 (full 0):
 garbage-first heap   total 580608K, used 167239K [0x0000000080000000, 0x0000000100000000)
  region size 1024K, 7 young (7168K), 7 survivors (7168K)
 Metaspace       used 181481K, committed 183296K, reserved 1245184K
  class space    used 23638K, committed 24512K, reserved 1048576K
}
Event: 12088.009 GC heap before
{Heap before GC invocations=321 (full 0):
 garbage-first heap   total 580608K, used 508231K [0x0000000080000000, 0x0000000100000000)
  region size 1024K, 340 young (348160K), 7 survivors (7168K)
 Metaspace       used 181522K, committed 183296K, reserved 1245184K
  class space    used 23639K, committed 24512K, reserved 1048576K
}
Event: 12088.024 GC heap after
{Heap after GC invocations=322 (full 0):
 garbage-first heap   total 580608K, used 167751K [0x0000000080000000, 0x0000000100000000)
  region size 1024K, 7 young (7168K), 7 survivors (7168K)
 Metaspace       used 181522K, committed 183296K, reserved 1245184K
  class space    used 23639K, committed 24512K, reserved 1048576K
}
Event: 12097.348 GC heap before
{Heap before GC invocations=323 (full 0):
 garbage-first heap   total 560128K, used 536391K [0x0000000080000000, 0x0000000100000000)
  region size 1024K, 328 young (335872K), 7 survivors (7168K)
 Metaspace       used 181326K, committed 183296K, reserved 1245184K
  class space    used 23546K, committed 24512K, reserved 1048576K
}
Event: 12097.407 GC heap after
{Heap after GC invocations=324 (full 0):
 garbage-first heap   total 560128K, used 181063K [0x0000000080000000, 0x0000000100000000)
  region size 1024K, 19 young (19456K), 19 survivors (19456K)
 Metaspace       used 181326K, committed 183296K, reserved 1245184K
  class space    used 23546K, committed 24512K, reserved 1048576K
}
Event: 12363.887 GC heap before
{Heap before GC invocations=324 (full 0):
 garbage-first heap   total 560128K, used 497479K [0x0000000080000000, 0x0000000100000000)
  region size 1024K, 328 young (335872K), 19 survivors (19456K)
 Metaspace       used 181458K, committed 183296K, reserved 1245184K
  class space    used 23564K, committed 24512K, reserved 1048576K
}
Event: 12363.955 GC heap after
{Heap after GC invocations=325 (full 0):
 garbage-first heap   total 560128K, used 176128K [0x0000000080000000, 0x0000000100000000)
  region size 1024K, 17 young (17408K), 17 survivors (17408K)
 Metaspace       used 181458K, committed 183296K, reserved 1245184K
  class space    used 23564K, committed 24512K, reserved 1048576K
}
Event: 12686.219 GC heap before
{Heap before GC invocations=325 (full 0):
 garbage-first heap   total 560128K, used 494592K [0x0000000080000000, 0x0000000100000000)
  region size 1024K, 328 young (335872K), 17 survivors (17408K)
 Metaspace       used 181458K, committed 183296K, reserved 1245184K
  class space    used 23564K, committed 24512K, reserved 1048576K
}
Event: 12686.291 GC heap after
{Heap after GC invocations=326 (full 0):
 garbage-first heap   total 560128K, used 175104K [0x0000000080000000, 0x0000000100000000)
  region size 1024K, 16 young (16384K), 16 survivors (16384K)
 Metaspace       used 181458K, committed 183296K, reserved 1245184K
  class space    used 23564K, committed 24512K, reserved 1048576K
}

